<?xml version="1.0" encoding="UTF-8"?>
<!-- Generated by org.testng.reporters.JUnitReportReporter -->
<testsuite hostname="RAYAN" failures="0" tests="1" name="Main_TestRunner.Main_TestRunner" time="13.319" errors="0" timestamp="2023-10-06T21:06:56 EDT" skipped="0">
  <testcase classname="Main_TestRunner.Main_TestRunner" name="feature" time="13.319"/>
</testsuite> <!-- Main_TestRunner.Main_TestRunner -->
